<?xml version="1.0" encoding="UTF-8"?>
<testsuite xmlns:xsi="http://www.w3.org/2001/XMLSchema-instance" xsi:noNamespaceSchemaLocation="https://maven.apache.org/surefire/maven-surefire-plugin/xsd/surefire-test-report.xsd" version="3.0.2" name="com.org.springBootDemo.SpringBootDemoApplicationTests" time="1.285" tests="1" errors="0" skipped="0" failures="0">
  <properties>
[...]
</properties>
  <testcase name="contextLoads" classname="com.org.springBootDemo.SpringBootDemoApplicationTests" time="0.433">
    <system-out><![CDATA[23:24:31.831 [main] INFO org.springframework.test.context.support.AnnotationConfigContextLoaderUtils -- Could not detect default configuration classes for test class [com.org.springBootDemo.SpringBootDemoApplicationTests]: SpringBootDemoApplicationTests does not declare any static, non-private, non-final, nested classes annotated with @Configuration.
23:24:31.887 [main] INFO org.springframework.boot.test.context.SpringBootTestContextBootstrapper -- Found @SpringBootConfiguration com.org.springBootDemo.SpringBootDemoApplication for test class com.org.springBootDemo.SpringBootDemoApplicationTests

  .   ____          _            __ _ _
 /\\ / ___'_ __ _ _(_)_ __  __ _ \ \ \ \
( ( )\___ | '_ | '_| | '_ \/ _` | \ \ \ \
 \\/  ___)| |_)| | | | | || (_| |  ) ) ) )
  '  |____| .__|_| |_|_| |_\__, | / / / /
 =========|_|==============|___/=/_/_/_/

 :: Spring Boot ::                (v3.4.1)

2025-03-06T23:24:32.067+05:30  INFO 63541 --- [springBootDemo] [           main] c.o.s.SpringBootDemoApplicationTests     : Starting SpringBootDemoApplicationTests using Java 21.0.5 with PID 63541 (started by admin in /Users/admin/Downloads/springBootDemo)
2025-03-06T23:24:32.067+05:30  INFO 63541 --- [springBootDemo] [           main] c.o.s.SpringBootDemoApplicationTests     : No active profile set, falling back to 1 default profile: "default"
2025-03-06T23:24:32.588+05:30  INFO 63541 --- [springBootDemo] [           main] c.o.s.SpringBootDemoApplicationTests     : Started SpringBootDemoApplicationTests in 0.643 seconds (process running for 1.098)
"mohit"
]]></system-out>
    <system-err><![CDATA[Mockito is currently self-attaching to enable the inline-mock-maker. This will no longer work in future releases of the JDK. Please add Mockito as an agent to your build what is described in Mockito's documentation: https://javadoc.io/doc/org.mockito/mockito-core/latest/org/mockito/Mockito.html#0.3
WARNING: A Java agent has been loaded dynamically (/Users/admin/.m2/repository/net/bytebuddy/byte-buddy-agent/1.15.11/byte-buddy-agent-1.15.11.jar)
WARNING: If a serviceability tool is in use, please run with -XX:+EnableDynamicAgentLoading to hide this warning
WARNING: If a serviceability tool is not in use, please run with -Djdk.instrument.traceUsage for more information
WARNING: Dynamic loading of agents will be disallowed by default in a future release
]]></system-err>
  </testcase>
</testsuite>